<?xml version="1.0" encoding="UTF-8"?>
<!-- Generated by org.testng.reporters.JUnitReportReporter -->
<testsuite hostname="LAPTOP-SNB50MKR" failures="0" tests="1" name="stepDefination.Hooks" time="106.480" errors="0" timestamp="2023-09-04T12:30:29 IST" skipped="0">
  <testcase classname="stepDefination.Hooks" name="main" time="106.480"/>
  <system-out/>
</testsuite> <!-- stepDefination.Hooks -->
